Determining if the pthread_create exist failed with the following output:
Change Dir: /home/lewisedwards/bin/nsxtool-dev/build/CMakeFiles/CMakeTmp

Run Build Command:"/usr/bin/make" "cmTC_ece6d/fast"
/usr/bin/make -f CMakeFiles/cmTC_ece6d.dir/build.make CMakeFiles/cmTC_ece6d.dir/build
make[1]: Entering directory '/home/lewisedwards/bin/nsxtool-dev/build/CMakeFiles/CMakeTmp'
Building C object CMakeFiles/cmTC_ece6d.dir/CheckSymbolExists.c.o
/usr/bin/cc   -msse2    -o CMakeFiles/cmTC_ece6d.dir/CheckSymbolExists.c.o   -c /home/lewisedwards/bin/nsxtool-dev/build/CMakeFiles/CMakeTmp/CheckSymbolExists.c
Linking C executable cmTC_ece6d
/usr/bin/cmake -E cmake_link_script CMakeFiles/cmTC_ece6d.dir/link.txt --verbose=1
/usr/bin/cc -msse2     -rdynamic CMakeFiles/cmTC_ece6d.dir/CheckSymbolExists.c.o  -o cmTC_ece6d 
CMakeFiles/cmTC_ece6d.dir/CheckSymbolExists.c.o: In function `main':
CheckSymbolExists.c:(.text+0x1b): undefined reference to `pthread_create'
collect2: error: ld returned 1 exit status
CMakeFiles/cmTC_ece6d.dir/build.make:97: recipe for target 'cmTC_ece6d' failed
make[1]: *** [cmTC_ece6d] Error 1
make[1]: Leaving directory '/home/lewisedwards/bin/nsxtool-dev/build/CMakeFiles/CMakeTmp'
Makefile:126: recipe for target 'cmTC_ece6d/fast' failed
make: *** [cmTC_ece6d/fast] Error 2

File /home/lewisedwards/bin/nsxtool-dev/build/CMakeFiles/CMakeTmp/CheckSymbolExists.c:
/* */
#include <pthread.h>

int main(int argc, char** argv)
{
  (void)argv;
#ifndef pthread_create
  return ((int*)(&pthread_create))[argc];
#else
  (void)argc;
  return 0;
#endif
}

Determining if the function pthread_create exists in the pthreads failed with the following output:
Change Dir: /home/lewisedwards/bin/nsxtool-dev/build/CMakeFiles/CMakeTmp

Run Build Command:"/usr/bin/make" "cmTC_384e7/fast"
/usr/bin/make -f CMakeFiles/cmTC_384e7.dir/build.make CMakeFiles/cmTC_384e7.dir/build
make[1]: Entering directory '/home/lewisedwards/bin/nsxtool-dev/build/CMakeFiles/CMakeTmp'
Building C object CMakeFiles/cmTC_384e7.dir/CheckFunctionExists.c.o
/usr/bin/cc   -msse2 -DCHECK_FUNCTION_EXISTS=pthread_create   -o CMakeFiles/cmTC_384e7.dir/CheckFunctionExists.c.o   -c /usr/share/cmake-3.10/Modules/CheckFunctionExists.c
Linking C executable cmTC_384e7
/usr/bin/cmake -E cmake_link_script CMakeFiles/cmTC_384e7.dir/link.txt --verbose=1
/usr/bin/cc -msse2 -DCHECK_FUNCTION_EXISTS=pthread_create    -rdynamic CMakeFiles/cmTC_384e7.dir/CheckFunctionExists.c.o  -o cmTC_384e7 -lpthreads 
/usr/bin/ld: cannot find -lpthreads
collect2: error: ld returned 1 exit status
CMakeFiles/cmTC_384e7.dir/build.make:97: recipe for target 'cmTC_384e7' failed
make[1]: *** [cmTC_384e7] Error 1
make[1]: Leaving directory '/home/lewisedwards/bin/nsxtool-dev/build/CMakeFiles/CMakeTmp'
Makefile:126: recipe for target 'cmTC_384e7/fast' failed
make: *** [cmTC_384e7/fast] Error 2


